<?xml version="1.0" encoding="UTF-8"?>
<testsuites name="SmokeTest" time="122" tests="5" failures="0" errors="0">
   <testsuite name="SmokeTest" tests="5" failures="0" errors="0" time="122" timestamp="2018-09-15 15:47:58" hostname="NITISH - home" id="Test Suites/SmokeTest">
      <properties>
         <property name="deviceName" value=""/>
         <property name="devicePlatform" value=""/>
         <property name="logFolder" value="D:\\Redmine\\worship\\test\\Reports\\SmokeTest\\20180915_154755"/>
         <property name="logFiles" value="D:\\Redmine\\worship\\test\\Reports\\SmokeTest\\20180915_154755\\execution0.log"/>
         <property name="attachments" value=""/>
         <property name="hostName" value="NITISH - home"/>
         <property name="os" value="Windows 8.1 64bit"/>
         <property name="katalonVersion" value="5.7.1.1"/>
         <property name="browser" value="Chrome 69.0.3497.92"/>
         <property name="hostAddress" value="192.168.0.103"/>
         <property name="sessionId" value="2fbe4ea8ff1aba329e537756dacee4f7"/>
         <property name="seleniumVersion" value="3.7.1"/>
         <property name="proxyInformation" value="ProxyInformation{proxyOption=NO_PROXY, proxyServerType=HTTP, password=, proxyServerAddress=, proxyServerPort=0}"/>
         <property name="platform" value="Windows 8.1"/>
      </properties>
      <testcase name="Test Cases/Login/LoginWithValidCreds" classname="Test Cases/Login/LoginWithValidCreds" status="PASSED">
         <system-out><![CDATA[2018-09-15 15:47:58 - [TEST_CASE][PASSED] - Test Cases/Login/LoginWithValidCreds: Test Cases/Login/LoginWithValidCreds

2018-09-15 15:47:59 - [TEST_STEP][PASSED] - callTestCase: Call Test Case 'Test Cases/Pre-requisite/OpenUrl' successfully

2018-09-15 15:47:59 - [TEST_CASE][PASSED] - Test Cases/Pre-requisite/OpenUrl: Test Cases/Pre-requisite/OpenUrl

2018-09-15 15:47:59 - [TEST_STEP][PASSED] - callTestCase: Call Test Case 'Test Cases/Pre-requisite/OpenBrowser' successfully

2018-09-15 15:47:59 - [TEST_CASE][PASSED] - Test Cases/Pre-requisite/OpenBrowser: Test Cases/Pre-requisite/OpenBrowser

2018-09-15 15:48:00 - [TEST_STEP][PASSED] - openBrowser: Browser is opened with url: ''

2018-09-15 15:48:03 - [MESSAGE][PASSED] - Browser is opened with url: ''

2018-09-15 15:48:03 - [MESSAGE][PASSED] - Call Test Case 'Test Cases/Pre-requisite/OpenBrowser' successfully

2018-09-15 15:48:03 - [TEST_STEP][PASSED] - navigateToUrl: Navigate to 'https://dev62.calvarycch.org' successfully

2018-09-15 15:48:08 - [MESSAGE][PASSED] - Navigate to 'https://dev62.calvarycch.org' successfully

2018-09-15 15:48:08 - [MESSAGE][PASSED] - Call Test Case 'Test Cases/Pre-requisite/OpenUrl' successfully

2018-09-15 15:48:08 - [TEST_STEP][PASSED] - setText: Text 'testworship' is set on object 'Object Repository/Page_CCCH Worship - Login/input_UsernamePassword_usernam'

2018-09-15 15:48:09 - [MESSAGE][PASSED] - Text 'testworship' is set on object 'Object Repository/Page_CCCH Worship - Login/input_UsernamePassword_usernam'

2018-09-15 15:48:09 - [TEST_STEP][PASSED] - setEncryptedText: Text ****** has been set on object 'Object Repository/Page_CCCH Worship - Login/input_UsernamePassword_passwor'

2018-09-15 15:48:09 - [MESSAGE][PASSED] - Text ****** has been set on object 'Object Repository/Page_CCCH Worship - Login/input_UsernamePassword_passwor'

2018-09-15 15:48:09 - [TEST_STEP][PASSED] - click: Object: 'Object Repository/Page_CCCH Worship - Login/input' is clicked on

2018-09-15 15:48:14 - [MESSAGE][PASSED] - Object: 'Object Repository/Page_CCCH Worship - Login/input' is clicked on

2018-09-15 15:48:14 - [TEST_STEP][PASSED] - verifyTextPresent: Text 'ANNOUNCEMENTS' is present on page  using regular expression

2018-09-15 15:48:14 - [MESSAGE][PASSED] - Text 'ANNOUNCEMENTS' is present on page  using regular expression]]></system-out>
         <system-err><![CDATA[]]></system-err>
      </testcase>
      <testcase name="Test Cases/Login/PageLoad" classname="Test Cases/Login/PageLoad" status="PASSED">
         <system-out><![CDATA[2018-09-15 15:48:14 - [TEST_CASE][PASSED] - Test Cases/Login/PageLoad: Test Cases/Login/PageLoad

2018-09-15 15:48:15 - [TEST_STEP][PASSED] - callTestCase: Call Test Case 'Test Cases/Pre-requisite/OpenBrowser' successfully

2018-09-15 15:48:15 - [TEST_CASE][PASSED] - Test Cases/Pre-requisite/OpenBrowser: Test Cases/Pre-requisite/OpenBrowser

2018-09-15 15:48:15 - [TEST_STEP][PASSED] - openBrowser: Browser is opened with url: ''

2018-09-15 15:48:15 - [MESSAGE][WARNING] - A browser is already opened. Closing browser and opening a new one

2018-09-15 15:48:18 - [MESSAGE][PASSED] - Browser is opened with url: ''

2018-09-15 15:48:18 - [MESSAGE][PASSED] - Call Test Case 'Test Cases/Pre-requisite/OpenBrowser' successfully

2018-09-15 15:48:18 - [TEST_STEP][PASSED] - navigateToUrl: Navigate to 'http://dev62.calvarycch.org' successfully

2018-09-15 15:48:24 - [MESSAGE][PASSED] - Navigate to 'http://dev62.calvarycch.org' successfully

2018-09-15 15:48:24 - [TEST_STEP][PASSED] - verifyElementPresent: Object 'Object Repository/Login/input' is present

2018-09-15 15:48:24 - [MESSAGE][WARNING] - Timeout '0' is invalid. Using default page load timeout: '30'

2018-09-15 15:48:24 - [MESSAGE][PASSED] - Object 'Object Repository/Login/input' is present

2018-09-15 15:48:24 - [TEST_STEP][PASSED] - callTestCase: Call Test Case 'Test Cases/Pre-requisite/CloseBrowser' successfully

2018-09-15 15:48:24 - [TEST_CASE][PASSED] - Test Cases/Pre-requisite/CloseBrowser: Test Cases/Pre-requisite/CloseBrowser

2018-09-15 15:48:24 - [TEST_STEP][PASSED] - closeBrowser: Browser is closed

2018-09-15 15:48:25 - [MESSAGE][PASSED] - Browser is closed

2018-09-15 15:48:25 - [MESSAGE][PASSED] - Call Test Case 'Test Cases/Pre-requisite/CloseBrowser' successfully]]></system-out>
         <system-err><![CDATA[]]></system-err>
      </testcase>
      <testcase name="Test Cases/Login/SecurePageLoad" classname="Test Cases/Login/SecurePageLoad" status="PASSED">
         <system-out><![CDATA[2018-09-15 15:48:25 - [TEST_CASE][PASSED] - Test Cases/Login/SecurePageLoad: Test Cases/Login/SecurePageLoad

2018-09-15 15:48:25 - [TEST_STEP][PASSED] - callTestCase: Call Test Case 'Test Cases/Pre-requisite/OpenBrowser' successfully

2018-09-15 15:48:25 - [TEST_CASE][PASSED] - Test Cases/Pre-requisite/OpenBrowser: Test Cases/Pre-requisite/OpenBrowser

2018-09-15 15:48:25 - [TEST_STEP][PASSED] - openBrowser: Browser is opened with url: ''

2018-09-15 15:48:27 - [MESSAGE][PASSED] - Browser is opened with url: ''

2018-09-15 15:48:27 - [MESSAGE][PASSED] - Call Test Case 'Test Cases/Pre-requisite/OpenBrowser' successfully

2018-09-15 15:48:27 - [TEST_STEP][PASSED] - navigateToUrl: Navigate to 'https://dev62.calvarycch.org' successfully

2018-09-15 15:48:32 - [MESSAGE][PASSED] - Navigate to 'https://dev62.calvarycch.org' successfully

2018-09-15 15:48:32 - [TEST_STEP][PASSED] - verifyElementPresent: Object 'Object Repository/Login/input' is present

2018-09-15 15:48:32 - [MESSAGE][WARNING] - Timeout '0' is invalid. Using default page load timeout: '30'

2018-09-15 15:48:32 - [MESSAGE][PASSED] - Object 'Object Repository/Login/input' is present

2018-09-15 15:48:32 - [TEST_STEP][PASSED] - callTestCase: Call Test Case 'Test Cases/Pre-requisite/CloseBrowser' successfully

2018-09-15 15:48:32 - [TEST_CASE][PASSED] - Test Cases/Pre-requisite/CloseBrowser: Test Cases/Pre-requisite/CloseBrowser

2018-09-15 15:48:32 - [TEST_STEP][PASSED] - closeBrowser: Browser is closed

2018-09-15 15:48:32 - [MESSAGE][PASSED] - Browser is closed

2018-09-15 15:48:32 - [MESSAGE][PASSED] - Call Test Case 'Test Cases/Pre-requisite/CloseBrowser' successfully]]></system-out>
         <system-err><![CDATA[]]></system-err>
      </testcase>
      <testcase name="Test Cases/Login/ValidationCheck" classname="Test Cases/Login/ValidationCheck" status="PASSED">
         <system-out><![CDATA[2018-09-15 15:48:32 - [TEST_CASE][PASSED] - Test Cases/Login/ValidationCheck: Test Cases/Login/ValidationCheck

2018-09-15 15:48:33 - [TEST_STEP][PASSED] - callTestCase: Call Test Case 'Test Cases/Pre-requisite/OpenUrl' successfully

2018-09-15 15:48:33 - [TEST_CASE][PASSED] - Test Cases/Pre-requisite/OpenUrl: Test Cases/Pre-requisite/OpenUrl

2018-09-15 15:48:33 - [TEST_STEP][PASSED] - callTestCase: Call Test Case 'Test Cases/Pre-requisite/OpenBrowser' successfully

2018-09-15 15:48:33 - [TEST_CASE][PASSED] - Test Cases/Pre-requisite/OpenBrowser: Test Cases/Pre-requisite/OpenBrowser

2018-09-15 15:48:33 - [TEST_STEP][PASSED] - openBrowser: Browser is opened with url: ''

2018-09-15 15:48:35 - [MESSAGE][PASSED] - Browser is opened with url: ''

2018-09-15 15:48:35 - [MESSAGE][PASSED] - Call Test Case 'Test Cases/Pre-requisite/OpenBrowser' successfully

2018-09-15 15:48:35 - [TEST_STEP][PASSED] - navigateToUrl: Navigate to 'https://dev62.calvarycch.org' successfully

2018-09-15 15:48:40 - [MESSAGE][PASSED] - Navigate to 'https://dev62.calvarycch.org' successfully

2018-09-15 15:48:40 - [MESSAGE][PASSED] - Call Test Case 'Test Cases/Pre-requisite/OpenUrl' successfully

2018-09-15 15:48:40 - [TEST_STEP][PASSED] - navigateToUrl: Navigate to 'https://dev62.calvarycch.org/home/test_index/' successfully

2018-09-15 15:48:41 - [MESSAGE][PASSED] - Navigate to 'https://dev62.calvarycch.org/home/test_index/' successfully

2018-09-15 15:48:41 - [TEST_STEP][PASSED] - click: Object: 'Object Repository/Page_CCCH Worship - Login/input' is clicked on

2018-09-15 15:48:47 - [MESSAGE][PASSED] - Object: 'Object Repository/Page_CCCH Worship - Login/input' is clicked on

2018-09-15 15:48:47 - [TEST_STEP][PASSED] - verifyTextPresent: Text 'Invalid Username/Password' is present on page  using regular expression

2018-09-15 15:48:47 - [MESSAGE][PASSED] - Text 'Invalid Username/Password' is present on page  using regular expression

2018-09-15 15:48:47 - [TEST_STEP][PASSED] - navigateToUrl: Navigate to 'https://dev62.calvarycch.org/home/test_index/' successfully

2018-09-15 15:48:48 - [MESSAGE][PASSED] - Navigate to 'https://dev62.calvarycch.org/home/test_index/' successfully

2018-09-15 15:48:48 - [TEST_STEP][PASSED] - setText: Text 'testabc' is set on object 'Object Repository/Page_CCCH Worship - Login/input_UsernamePassword_usernam'

2018-09-15 15:48:48 - [MESSAGE][PASSED] - Text 'testabc' is set on object 'Object Repository/Page_CCCH Worship - Login/input_UsernamePassword_usernam'

2018-09-15 15:48:48 - [TEST_STEP][PASSED] - setEncryptedText: Text ****** has been set on object 'Object Repository/Page_CCCH Worship - Login/input_UsernamePassword_passwor'

2018-09-15 15:48:48 - [MESSAGE][PASSED] - Text ****** has been set on object 'Object Repository/Page_CCCH Worship - Login/input_UsernamePassword_passwor'

2018-09-15 15:48:48 - [TEST_STEP][PASSED] - click: Object: 'Object Repository/Page_CCCH Worship - Login/input' is clicked on

2018-09-15 15:48:50 - [MESSAGE][PASSED] - Object: 'Object Repository/Page_CCCH Worship - Login/input' is clicked on

2018-09-15 15:48:50 - [TEST_STEP][PASSED] - verifyTextPresent: Text 'Invalid Username/Password' is present on page  using regular expression

2018-09-15 15:48:50 - [MESSAGE][PASSED] - Text 'Invalid Username/Password' is present on page  using regular expression

2018-09-15 15:48:50 - [TEST_STEP][PASSED] - navigateToUrl: Navigate to 'https://dev62.calvarycch.org/home/test_index/' successfully

2018-09-15 15:48:51 - [MESSAGE][PASSED] - Navigate to 'https://dev62.calvarycch.org/home/test_index/' successfully

2018-09-15 15:48:51 - [TEST_STEP][PASSED] - setText: Text 'testworship' is set on object 'Object Repository/Page_CCCH Worship - Login/input_UsernamePassword_usernam'

2018-09-15 15:48:52 - [MESSAGE][PASSED] - Text 'testworship' is set on object 'Object Repository/Page_CCCH Worship - Login/input_UsernamePassword_usernam'

2018-09-15 15:48:52 - [TEST_STEP][PASSED] - setEncryptedText: Text ****** has been set on object 'Object Repository/Page_CCCH Worship - Login/input_UsernamePassword_passwor'

2018-09-15 15:48:52 - [MESSAGE][PASSED] - Text ****** has been set on object 'Object Repository/Page_CCCH Worship - Login/input_UsernamePassword_passwor'

2018-09-15 15:48:52 - [TEST_STEP][PASSED] - click: Object: 'Object Repository/Page_CCCH Worship - Login/input' is clicked on

2018-09-15 15:48:53 - [MESSAGE][PASSED] - Object: 'Object Repository/Page_CCCH Worship - Login/input' is clicked on

2018-09-15 15:48:53 - [TEST_STEP][PASSED] - verifyTextPresent: Text 'Invalid Username/Password' is present on page  using regular expression

2018-09-15 15:48:53 - [MESSAGE][PASSED] - Text 'Invalid Username/Password' is present on page  using regular expression

2018-09-15 15:48:53 - [TEST_STEP][PASSED] - navigateToUrl: Navigate to 'https://dev62.calvarycch.org/home/test_index/' successfully

2018-09-15 15:48:53 - [MESSAGE][PASSED] - Navigate to 'https://dev62.calvarycch.org/home/test_index/' successfully

2018-09-15 15:48:53 - [TEST_STEP][PASSED] - setText: Text '!@#$^&' is set on object 'Object Repository/Page_CCCH Worship - Login/input_UsernamePassword_usernam'

2018-09-15 15:48:54 - [MESSAGE][PASSED] - Text '!@#$^&' is set on object 'Object Repository/Page_CCCH Worship - Login/input_UsernamePassword_usernam'

2018-09-15 15:48:54 - [TEST_STEP][PASSED] - setEncryptedText: Text ****** has been set on object 'Object Repository/Page_CCCH Worship - Login/input_UsernamePassword_passwor'

2018-09-15 15:48:54 - [MESSAGE][PASSED] - Text ****** has been set on object 'Object Repository/Page_CCCH Worship - Login/input_UsernamePassword_passwor'

2018-09-15 15:48:54 - [TEST_STEP][PASSED] - click: Object: 'Object Repository/Page_CCCH Worship - Login/input' is clicked on

2018-09-15 15:48:55 - [MESSAGE][PASSED] - Object: 'Object Repository/Page_CCCH Worship - Login/input' is clicked on

2018-09-15 15:48:55 - [TEST_STEP][PASSED] - verifyTextPresent: Text 'Invalid Username/Password' is present on page  using regular expression

2018-09-15 15:48:55 - [MESSAGE][PASSED] - Text 'Invalid Username/Password' is present on page  using regular expression

2018-09-15 15:48:55 - [TEST_STEP][PASSED] - callTestCase: Call Test Case 'Test Cases/Pre-requisite/CloseBrowser' successfully

2018-09-15 15:48:55 - [TEST_CASE][PASSED] - Test Cases/Pre-requisite/CloseBrowser: Test Cases/Pre-requisite/CloseBrowser

2018-09-15 15:48:55 - [TEST_STEP][PASSED] - closeBrowser: Browser is closed

2018-09-15 15:48:56 - [MESSAGE][PASSED] - Browser is closed

2018-09-15 15:48:56 - [MESSAGE][PASSED] - Call Test Case 'Test Cases/Pre-requisite/CloseBrowser' successfully]]></system-out>
         <system-err><![CDATA[]]></system-err>
      </testcase>
      <testcase name="Test Cases/HomePage/CheckHomePageLinks" classname="Test Cases/HomePage/CheckHomePageLinks" status="PASSED">
         <system-out><![CDATA[2018-09-15 15:48:56 - [TEST_CASE][PASSED] - Test Cases/HomePage/CheckHomePageLinks: Test Cases/HomePage/CheckHomePageLinks

2018-09-15 15:48:56 - [TEST_STEP][PASSED] - callTestCase: Call Test Case 'Test Cases/Pre-requisite/OpenUrl' successfully

2018-09-15 15:48:57 - [TEST_CASE][PASSED] - Test Cases/Pre-requisite/OpenUrl: Test Cases/Pre-requisite/OpenUrl

2018-09-15 15:48:57 - [TEST_STEP][PASSED] - callTestCase: Call Test Case 'Test Cases/Pre-requisite/OpenBrowser' successfully

2018-09-15 15:48:57 - [TEST_CASE][PASSED] - Test Cases/Pre-requisite/OpenBrowser: Test Cases/Pre-requisite/OpenBrowser

2018-09-15 15:48:57 - [TEST_STEP][PASSED] - openBrowser: Browser is opened with url: ''

2018-09-15 15:48:59 - [MESSAGE][PASSED] - Browser is opened with url: ''

2018-09-15 15:48:59 - [MESSAGE][PASSED] - Call Test Case 'Test Cases/Pre-requisite/OpenBrowser' successfully

2018-09-15 15:48:59 - [TEST_STEP][PASSED] - navigateToUrl: Navigate to 'https://dev62.calvarycch.org' successfully

2018-09-15 15:49:04 - [MESSAGE][PASSED] - Navigate to 'https://dev62.calvarycch.org' successfully

2018-09-15 15:49:04 - [MESSAGE][PASSED] - Call Test Case 'Test Cases/Pre-requisite/OpenUrl' successfully

2018-09-15 15:49:04 - [TEST_STEP][PASSED] - setText: Text 'testworship' is set on object 'Object Repository/Page_CCCH Worship - Login/input_UsernamePassword_usernam'

2018-09-15 15:49:05 - [MESSAGE][PASSED] - Text 'testworship' is set on object 'Object Repository/Page_CCCH Worship - Login/input_UsernamePassword_usernam'

2018-09-15 15:49:05 - [TEST_STEP][PASSED] - setEncryptedText: Text ****** has been set on object 'Object Repository/Page_CCCH Worship - Login/input_UsernamePassword_passwor'

2018-09-15 15:49:05 - [MESSAGE][PASSED] - Text ****** has been set on object 'Object Repository/Page_CCCH Worship - Login/input_UsernamePassword_passwor'

2018-09-15 15:49:05 - [TEST_STEP][PASSED] - click: Object: 'Object Repository/Page_CCCH Worship - Login/input' is clicked on

2018-09-15 15:49:12 - [MESSAGE][PASSED] - Object: 'Object Repository/Page_CCCH Worship - Login/input' is clicked on

2018-09-15 15:49:12 - [TEST_STEP][PASSED] - verifyTextPresent: Text 'Home' is present on page  using regular expression

2018-09-15 15:49:12 - [MESSAGE][PASSED] - Text 'Home' is present on page  using regular expression

2018-09-15 15:49:12 - [TEST_STEP][PASSED] - click: Object: 'Object Repository/Page_CCCH Worship - Home/div_Home' is clicked on

2018-09-15 15:49:14 - [MESSAGE][PASSED] - Object: 'Object Repository/Page_CCCH Worship - Home/div_Home' is clicked on

2018-09-15 15:49:14 - [TEST_STEP][PASSED] - click: Object: 'Object Repository/Page_CCCH Worship - Home/div_Schedule' is clicked on

2018-09-15 15:49:17 - [MESSAGE][PASSED] - Object: 'Object Repository/Page_CCCH Worship - Home/div_Schedule' is clicked on

2018-09-15 15:49:17 - [TEST_STEP][PASSED] - click: Object: 'Object Repository/Page_CCCH Worship - Home/div_summary' is clicked on

2018-09-15 15:49:30 - [MESSAGE][PASSED] - Object: 'Object Repository/Page_CCCH Worship - Home/div_summary' is clicked on

2018-09-15 15:49:30 - [TEST_STEP][PASSED] - click: Object: 'Object Repository/Page_CCCH Worship - Home/div_Profiles' is clicked on

2018-09-15 15:49:55 - [MESSAGE][PASSED] - Object: 'Object Repository/Page_CCCH Worship - Home/div_Profiles' is clicked on

2018-09-15 15:49:55 - [TEST_STEP][PASSED] - click: Object: 'Object Repository/Page_CCCH Worship - Home/div_Vblog' is clicked on

2018-09-15 15:49:58 - [MESSAGE][PASSED] - Object: 'Object Repository/Page_CCCH Worship - Home/div_Vblog' is clicked on

2018-09-15 15:49:58 - [TEST_STEP][PASSED] - click: Object: 'Object Repository/Page_CCCH Worship - Home/div_Preferences' is clicked on

2018-09-15 15:49:59 - [MESSAGE][PASSED] - Object: 'Object Repository/Page_CCCH Worship - Home/div_Preferences' is clicked on

2018-09-15 15:49:59 - [TEST_STEP][PASSED] - click: Object: 'Object Repository/Page_CCCH Worship - Home/div_Logout' is clicked on

2018-09-15 15:50:00 - [MESSAGE][PASSED] - Object: 'Object Repository/Page_CCCH Worship - Home/div_Logout' is clicked on

2018-09-15 15:50:00 - [TEST_STEP][PASSED] - closeBrowser: Browser is closed

2018-09-15 15:50:01 - [MESSAGE][PASSED] - Browser is closed]]></system-out>
         <system-err><![CDATA[]]></system-err>
      </testcase>
      <system-out><![CDATA[2018-09-15 15:47:58 - [TEST_SUITE][PASSED] - SmokeTest: Test Cases/HomePage/CheckHomePageLinks]]></system-out>
      <system-err><![CDATA[]]></system-err>
   </testsuite>
</testsuites>
